<?xml version="1.0" encoding="UTF-8"?>
<!-- Generated by org.testng.reporters.JUnitXMLReporter -->
<testsuite hostname="wangxinli-PC" ignored="0" name="Default test" tests="2" failures="1" timestamp="22 八月 2018 03:37:36 GMT" time="196.87" errors="0">
  <testcase name="test001_storeInfo" time="33.032" classname="net.wangxinli.testng.NewTest">
    <failure type="java.lang.AssertionError" message="storeInfofailure-----&amp;gt;An element could not be located on the page using the given search parameters. (WARNING: The server did not provide any stacktrace information)
Command duration or timeout: 0 milliseconds
For documentation on this error, please visit: http://seleniumhq.org/exceptions/no_such_element.html
Build info: version: &amp;apos;3.6.0&amp;apos;, revision: &amp;apos;6fbf3ec767&amp;apos;, time: &amp;apos;2017-09-27T16:15:40.131Z&amp;apos;
System info: host: &amp;apos;WANGXINLI-PC&amp;apos;, ip: &amp;apos;192.168.18.16&amp;apos;, os.name: &amp;apos;Windows 7&amp;apos;, os.arch: &amp;apos;amd64&amp;apos;, os.version: &amp;apos;6.1&amp;apos;, java.version: &amp;apos;1.8.0_162&amp;apos;
Driver info: io.appium.java_client.android.AndroidDriver
Capabilities [{appPackage=mengniu.net.winchannel.winsfa, noReset=true, deviceName=127.0.0.1:62001, platform=LINUX, deviceUDID=127.0.0.1:62001, desired={appPackage=mengniu.net.winchannel.winsfa, appActivity=mengniu.net.winchannel.winsfa.ui.login.LoginActivity, noReset=true, noSign=true, newCommandTimeout=1800, automationName=Appium, autoGrantPermissions=true, unicodeKeyboard=true, platformName=Android, udid=127.0.0.1:62001, deviceName=安卓设备, resetKeyboard=true}, newCommandTimeout=1800, platformVersion=4.4.2, webStorageEnabled=false, automationName=Appium, takesScreenshot=true, javascriptEnabled=true, unicodeKeyboard=true, udid=127.0.0.1:62001, deviceManufacturer=samsung, platformName=LINUX, resetKeyboard=true, deviceScreenSize=720x1280, networkConnectionEnabled=true, noSign=true, warnings={}, databaseEnabled=false, appActivity=mengniu.net.winchannel.winsfa.ui.login.LoginActivity, locationContextEnabled=false, autoGrantPermissions=true, deviceModel=SM-G955F}]
Session ID: 4e4db4b0-77b8-4519-a4e3-8354b9bfc391
*** Element info: {Using=xpath, value=//*[@text=&amp;apos;省：*&amp;apos;]/following-sibling::*/*/*/*[3]}">
      <![CDATA[java.lang.AssertionError: storeInfofailure----->An element could not be located on the page using the given search parameters. (WARNING: The server did not provide any stacktrace information)
Command duration or timeout: 0 milliseconds
For documentation on this error, please visit: http://seleniumhq.org/exceptions/no_such_element.html
Build info: version: '3.6.0', revision: '6fbf3ec767', time: '2017-09-27T16:15:40.131Z'
System info: host: 'WANGXINLI-PC', ip: '192.168.18.16', os.name: 'Windows 7', os.arch: 'amd64', os.version: '6.1', java.version: '1.8.0_162'
Driver info: io.appium.java_client.android.AndroidDriver
Capabilities [{appPackage=mengniu.net.winchannel.winsfa, noReset=true, deviceName=127.0.0.1:62001, platform=LINUX, deviceUDID=127.0.0.1:62001, desired={appPackage=mengniu.net.winchannel.winsfa, appActivity=mengniu.net.winchannel.winsfa.ui.login.LoginActivity, noReset=true, noSign=true, newCommandTimeout=1800, automationName=Appium, autoGrantPermissions=true, unicodeKeyboard=true, platformName=Android, udid=127.0.0.1:62001, deviceName=安卓设备, resetKeyboard=true}, newCommandTimeout=1800, platformVersion=4.4.2, webStorageEnabled=false, automationName=Appium, takesScreenshot=true, javascriptEnabled=true, unicodeKeyboard=true, udid=127.0.0.1:62001, deviceManufacturer=samsung, platformName=LINUX, resetKeyboard=true, deviceScreenSize=720x1280, networkConnectionEnabled=true, noSign=true, warnings={}, databaseEnabled=false, appActivity=mengniu.net.winchannel.winsfa.ui.login.LoginActivity, locationContextEnabled=false, autoGrantPermissions=true, deviceModel=SM-G955F}]
Session ID: 4e4db4b0-77b8-4519-a4e3-8354b9bfc391
*** Element info: {Using=xpath, value=//*[@text='省：*']/following-sibling::*/*/*/*[3]}
	at org.testng.Assert.fail(Assert.java:94)
	at net.wangxinli.testng.NewTest.test001_storeInfo(NewTest.java:89)
	at sun.reflect.NativeMethodAccessorImpl.invoke0(Native Method)
	at sun.reflect.NativeMethodAccessorImpl.invoke(Unknown Source)
	at sun.reflect.DelegatingMethodAccessorImpl.invoke(Unknown Source)
	at java.lang.reflect.Method.invoke(Unknown Source)
	at org.testng.internal.MethodInvocationHelper.invokeMethod(MethodInvocationHelper.java:104)
	at org.testng.internal.Invoker.invokeMethod(Invoker.java:645)
	at org.testng.internal.Invoker.invokeTestMethod(Invoker.java:851)
	at org.testng.internal.Invoker.invokeTestMethods(Invoker.java:1177)
	at org.testng.internal.TestMethodWorker.invokeTestMethods(TestMethodWorker.java:129)
	at org.testng.internal.TestMethodWorker.run(TestMethodWorker.java:112)
	at org.testng.TestRunner.privateRun(TestRunner.java:756)
	at org.testng.TestRunner.run(TestRunner.java:610)
	at org.testng.SuiteRunner.runTest(SuiteRunner.java:387)
	at org.testng.SuiteRunner.runSequentially(SuiteRunner.java:382)
	at org.testng.SuiteRunner.privateRun(SuiteRunner.java:340)
	at org.testng.SuiteRunner.run(SuiteRunner.java:289)
	at org.testng.SuiteRunnerWorker.runSuite(SuiteRunnerWorker.java:52)
	at org.testng.SuiteRunnerWorker.run(SuiteRunnerWorker.java:86)
	at org.testng.TestNG.runSuitesSequentially(TestNG.java:1293)
	at org.testng.TestNG.runSuitesLocally(TestNG.java:1218)
	at org.testng.TestNG.runSuites(TestNG.java:1133)
	at org.testng.TestNG.run(TestNG.java:1104)
	at org.testng.remote.AbstractRemoteTestNG.run(AbstractRemoteTestNG.java:114)
	at org.testng.remote.RemoteTestNG.initAndRun(RemoteTestNG.java:251)
	at org.testng.remote.RemoteTestNG.main(RemoteTestNG.java:77)
]]>
    </failure>
  </testcase> <!-- test001_storeInfo -->
  <testcase name="test002_preparation" time="30.736" classname="net.wangxinli.testng.NewTest"/>
</testsuite> <!-- Default test -->
